-I: Adding /home/jguven/Software/amber22/dat/leap/prep to search path.
-I: Adding /home/jguven/Software/amber22/dat/leap/lib to search path.
-I: Adding /home/jguven/Software/amber22/dat/leap/parm to search path.
-I: Adding /home/jguven/Software/amber22/dat/leap/cmd to search path.
-s: Ignoring all leaprc startup files.
-f: Source tleap.in.

Welcome to LEaP!
Sourcing: ./tleap.in
----- Source: /home/jguven/Software/amber22/dat/leap/cmd/leaprc.protein.ff14SB
----- Source of /home/jguven/Software/amber22/dat/leap/cmd/leaprc.protein.ff14SB done
Log file: ./leap.log
Loading parameters: /home/jguven/Software/amber22/dat/leap/parm/parm10.dat
Reading title:
PARM99 + frcmod.ff99SB + frcmod.parmbsc0 + OL3 for RNA
Loading parameters: /home/jguven/Software/amber22/dat/leap/parm/frcmod.ff14SB
Reading force field modification type file (frcmod)
Reading title:
ff14SB protein backbone and sidechain parameters
Loading library: /home/jguven/Software/amber22/dat/leap/lib/amino12.lib
Loading library: /home/jguven/Software/amber22/dat/leap/lib/aminoct12.lib
Loading library: /home/jguven/Software/amber22/dat/leap/lib/aminont12.lib
----- Source: /home/jguven/Software/amber22/dat/leap/cmd/leaprc.water.tip3p
----- Source of /home/jguven/Software/amber22/dat/leap/cmd/leaprc.water.tip3p done
Loading library: /home/jguven/Software/amber22/dat/leap/lib/atomic_ions.lib
Loading library: /home/jguven/Software/amber22/dat/leap/lib/solvents.lib
Loading parameters: /home/jguven/Software/amber22/dat/leap/parm/frcmod.tip3p
Reading force field modification type file (frcmod)
Reading title:
This is the additional/replacement parameter set for TIP3P water
Loading parameters: /home/jguven/Software/amber22/dat/leap/parm/frcmod.ions1lm_126_tip3p
Reading force field modification type file (frcmod)
Reading title:
Li/Merz ion parameters of monovalent ions for TIP3P water model (12-6 normal usage set)
Loading parameters: /home/jguven/Software/amber22/dat/leap/parm/frcmod.ionsjc_tip3p
Reading force field modification type file (frcmod)
Reading title:
Monovalent ion parameters for Ewald and TIP3P water from Joung & Cheatham JPCB (2008)
Loading parameters: /home/jguven/Software/amber22/dat/leap/parm/frcmod.ions234lm_126_tip3p
Reading force field modification type file (frcmod)
Reading title:
Li/Merz ion parameters of divalent to tetravalent ions for TIP3P water model (12-6 normal usage set)
Loading PDB file: ./kpc2_no_hydrogens.pdb
  Added missing heavy atom: .R<CGLY 270>.A<OXT 8>
  total atoms in file: 2033
  Leap added 2036 missing atoms according to residue templates:
       1 Heavy
       2035 H / lone pairs
Writing pdb file: kpc2.pdb

/home/jguven/Software/amber22/bin/teLeap: Warning!
 Converting N-terminal residue name to PDB format: NHIP -> HIP

/home/jguven/Software/amber22/bin/teLeap: Warning!
 Converting C-terminal residue name to PDB format: CGLY -> GLY
	Quit

Exiting LEaP: Errors = 0; Warnings = 2; Notes = 0.
